1 #NS 0 u
2 #NS 0 eq
3 #NS 0 α
1 #UP 1
0 #ES 1
4 #NS 0 a
1 #EV 0
2 #EV 1
3 #ES 0
4 #EP #BD 4 2 3
5 #EP #BD 4 1 4
6 #EP #BI 3 0 5
5 #NS 2 refl
7 #EC 2 1
8 #EA 7 2
9 #EA 8 1
10 #EA 9 1
11 #EP #BD 4 1 10
12 #EP #BI 3 0 11
#IND 2 2 6 1 5 12 1
#QUOT
6 #NS 0 linear_ordered_semiring
7 #NS 6 le_of_add_le_add_left
8 #NS 0 has_add
9 #NS 8 add
2 #US 1
13 #ES 2
14 #EP #BD 3 13 13
10 #NS 8 mk
11 #NS 0 add
15 #EV 2
16 #EP #BD 4 2 15
17 #EP #BD 4 1 16
18 #EC 8 1
19 #EA 18 2
20 #EP #BD 11 17 19
21 #EP #BI 3 13 20
#IND 1 8 14 1 10 21 1
12 #NS 0 c
22 #EA 18 1
23 #EV 3
24 #EP #BD 4 15 23
25 #EP #BD 4 2 24
26 #EP #BC 12 22 25
27 #EP #BI 3 13 26
13 #NS 8 rec
28 #EC 13 2 1
29 #EA 28 2
30 #EV 4
31 #EP #BD 4 23 30
32 #EP #BD 4 15 31
33 #EL #BC 12 19 32
34 #EA 29 33
35 #EL #BD 11 25 1
36 #EA 34 35
37 #EA 36 1
38 #EL #BC 12 22 37
39 #EL #BD 3 13 38
#DEF 9 27 39 1
14 #NS 0 add_semigroup
15 #NS 14 to_has_add
16 #NS 14 mk
17 #NS 0 add_assoc
18 #NS 0 b
40 #EC 2 2
41 #EA 40 30
42 #EC 9 1
43 #EA 42 30
44 #EC 10 1
45 #EA 44 30
46 #EA 45 23
47 #EA 43 46
48 #EA 47 15
49 #EA 48 2
50 #EA 47 49
51 #EA 50 1
52 #EA 41 51
53 #EA 47 2
54 #EA 53 1
55 #EA 48 54
56 #EA 52 55
57 #EP #BD 12 23 56
58 #EP #BD 18 15 57
59 #EP #BD 4 2 58
60 #EC 14 1
61 #EA 60 15
62 #EP #BD 17 59 61
63 #EP #BD 11 17 62
64 #EP #BI 3 13 63
#IND 1 14 14 1 16 64 1
19 #NS 14 add
65 #EA 60 1
66 #EP #BC 12 65 25
67 #EP #BI 3 13 66
20 #NS 14 rec
68 #EC 20 2 1
69 #EA 68 2
70 #EA 60 2
71 #EL #BC 12 70 32
72 #EA 69 71
73 #EV 5
74 #EA 40 73
75 #EA 42 73
76 #EA 44 73
77 #EA 76 23
78 #EA 75 77
79 #EA 78 15
80 #EA 79 2
81 #EA 78 80
82 #EA 81 1
83 #EA 74 82
84 #EA 78 2
85 #EA 84 1
86 #EA 79 85
87 #EA 83 86
88 #EP #BD 12 30 87
89 #EP #BD 18 23 88
90 #EP #BD 4 15 89
91 #EL #BD 17 90 2
92 #EL #BD 11 25 91
93 #EA 72 92
94 #EA 93 1
95 #EL #BC 12 65 94
96 #EL #BD 3 13 95
#DEF 19 67 96 1
21 #NS 0 s
97 #EP #BC 21 65 19
98 #EP #BD 3 13 97
99 #EA 44 2
100 #EC 19 1
101 #EA 100 2
102 #EA 101 1
103 #EA 99 102
104 #EL #BC 21 65 103
105 #EL #BD 3 13 104
#DEF 15 98 105 1
22 #NS 0 has_zero
23 #NS 22 zero
24 #NS 22 mk
25 #NS 0 zero
106 #EC 22 1
107 #EA 106 2
108 #EP #BD 25 1 107
109 #EP #BI 3 13 108
#IND 1 22 14 1 24 109 1
110 #EA 106 1
111 #EP #BC 12 110 2
112 #EP #BD 3 13 111
26 #NS 22 rec
113 #EC 26 2 1
114 #EA 113 2
115 #EL #BC 12 107 15
116 #EA 114 115
117 #EL #BD 25 2 1
118 #EA 116 117
119 #EA 118 1
120 #EL #BC 12 110 119
121 #EL #BD 3 13 120
#DEF 23 112 121 1
27 #NS 0 has_mul
28 #NS 27 mul
29 #NS 27 mk
30 #NS 0 mul
122 #EC 27 1
123 #EA 122 2
124 #EP #BD 30 17 123
125 #EP #BI 3 13 124
#IND 1 27 14 1 29 125 1
126 #EA 122 1
127 #EP #BC 12 126 25
128 #EP #BI 3 13 127
31 #NS 27 rec
129 #EC 31 2 1
130 #EA 129 2
131 #EL #BC 12 123 32
132 #EA 130 131
133 #EL #BD 30 25 1
134 #EA 132 133
135 #EA 134 1
136 #EL #BC 12 126 135
137 #EL #BD 3 13 136
#DEF 28 128 137 1
32 #NS 0 semigroup
33 #NS 32 to_has_mul
34 #NS 32 mk
35 #NS 0 mul_assoc
138 #EC 28 1
139 #EA 138 30
140 #EC 29 1
141 #EA 140 30
142 #EA 141 23
143 #EA 139 142
144 #EA 143 15
145 #EA 144 2
146 #EA 143 145
147 #EA 146 1
148 #EA 41 147
149 #EA 143 2
150 #EA 149 1
151 #EA 144 150
152 #EA 148 151
153 #EP #BD 12 23 152
154 #EP #BD 18 15 153
155 #EP #BD 4 2 154
156 #EC 32 1
157 #EA 156 15
158 #EP #BD 35 155 157
159 #EP #BD 30 17 158
160 #EP #BI 3 13 159
#IND 1 32 14 1 34 160 1
36 #NS 32 mul
161 #EA 156 1
162 #EP #BC 12 161 25
163 #EP #BI 3 13 162
37 #NS 32 rec
164 #EC 37 2 1
165 #EA 164 2
166 #EA 156 2
167 #EL #BC 12 166 32
168 #EA 165 167
169 #EA 138 73
170 #EA 140 73
171 #EA 170 23
172 #EA 169 171
173 #EA 172 15
174 #EA 173 2
175 #EA 172 174
176 #EA 175 1
177 #EA 74 176
178 #EA 172 2
179 #EA 178 1
180 #EA 173 179
181 #EA 177 180
182 #EP #BD 12 30 181
183 #EP #BD 18 23 182
184 #EP #BD 4 15 183
185 #EL #BD 35 184 2
186 #EL #BD 30 25 185
187 #EA 168 186
188 #EA 187 1
189 #EL #BC 12 161 188
190 #EL #BD 3 13 189
#DEF 36 163 190 1
191 #EP #BC 21 161 123
192 #EP #BD 3 13 191
193 #EA 140 2
194 #EC 36 1
195 #EA 194 2
196 #EA 195 1
197 #EA 193 196
198 #EL #BC 21 161 197
199 #EL #BD 3 13 198
#DEF 33 192 199 1
38 #NS 0 has_one
39 #NS 38 one
40 #NS 38 mk
41 #NS 0 one
200 #EC 38 1
201 #EA 200 2
202 #EP #BD 41 1 201
203 #EP #BI 3 13 202
#IND 1 38 14 1 40 203 1
204 #EA 200 1
205 #EP #BC 12 204 2
206 #EP #BD 3 13 205
42 #NS 38 rec
207 #EC 42 2 1
208 #EA 207 2
209 #EL #BC 12 201 15
210 #EA 208 209
211 #EL #BD 41 2 1
212 #EA 210 211
213 #EA 212 1
214 #EL #BC 12 204 213
215 #EL #BD 3 13 214
#DEF 39 206 215 1
43 #NS 0 has_le
44 #NS 43 le
45 #NS 43 mk
46 #NS 0 le
216 #EC 43 1
217 #EA 216 2
218 #EP #BD 46 5 217
219 #EP #BI 3 13 218
#IND 1 43 14 1 45 219 1
220 #EA 216 1
221 #EP #BD 4 15 3
222 #EP #BD 4 2 221
223 #EP #BC 12 220 222
224 #EP #BI 3 13 223
47 #NS 43 rec
3 #US 0
4 #UM 2 3
225 #EC 47 4 1
226 #EA 225 2
227 #EP #BD 4 23 3
228 #EP #BD 4 15 227
229 #EL #BC 12 217 228
230 #EA 226 229
231 #EL #BD 46 222 1
232 #EA 230 231
233 #EA 232 1
234 #EL #BC 12 220 233
235 #EL #BD 3 13 234
#DEF 44 224 235 1
48 #NS 0 auto_param
49 #NS 0 string
50 #NS 0 list
51 #NS 0 T
236 #EP #BD 51 13 13
52 #NS 50 nil
237 #EC 50 1
238 #EA 237 1
239 #EP #BI 51 13 238
53 #NS 50 cons
54 #NS 0 hd
55 #NS 0 tl
240 #EA 237 2
241 #EA 237 15
242 #EP #BD 55 240 241
243 #EP #BD 54 1 242
244 #EP #BI 51 13 243
#IND 1 50 236 2 52 239 53 244 1
56 #NS 0 nat
245 #ES 3
57 #NS 56 zero
246 #EC 56
58 #NS 56 succ
59 #NS 0 n
247 #EP #BD 59 246 246
#IND 0 56 245 2 57 246 58 247
60 #NS 0 is_valid_char
61 #NS 0 or
248 #EP #BD 18 3 3
249 #EP #BD 4 3 248
62 #NS 61 inl
63 #NS 0 h
250 #EC 61
251 #EA 250 15
252 #EA 251 2
253 #EP #BD 63 2 252
254 #EP #BI 18 3 253
255 #EP #BI 4 3 254
64 #NS 61 inr
256 #EP #BD 63 1 252
257 #EP #BI 18 3 256
258 #EP #BI 4 3 257
#IND 2 61 249 2 62 255 64 258
65 #NS 0 has_lt
66 #NS 65 lt
67 #NS 65 mk
68 #NS 0 lt
259 #EC 65 1
260 #EA 259 2
261 #EP #BD 68 5 260
262 #EP #BI 3 13 261
#IND 1 65 14 1 67 262 1
263 #EA 259 1
264 #EP #BC 12 263 222
265 #EP #BI 3 13 264
69 #NS 65 rec
266 #EC 69 4 1
267 #EA 266 2
268 #EL #BC 12 260 228
269 #EA 267 268
270 #EL #BD 68 222 1
271 #EA 269 270
272 #EA 271 1
273 #EL #BC 12 263 272
274 #EL #BD 3 13 273
#DEF 66 265 274 1
70 #NS 56 has_lt
71 #NS 56 lt
72 #NS 56 less_than_or_equal
275 #EP #BD 4 246 3
276 #EP #BD 4 246 275
73 #NS 72 refl
277 #EC 72
278 #EA 277 1
279 #EA 278 1
280 #EP #BD 4 246 279
74 #NS 72 step
281 #EA 277 2
282 #EA 281 1
283 #EA 277 15
284 #EC 58
285 #EA 284 2
286 #EA 283 285
287 #EP #BD 4 282 286
288 #EP #BI 18 246 287
289 #EP #BI 4 246 288
#IND 1 72 276 2 73 280 74 289
75 #NS 0 m
290 #EP #BD 75 246 3
291 #EP #BD 59 246 290
292 #EA 277 285
293 #EA 292 1
294 #EL #BD 75 246 293
295 #EL #BD 59 246 294
#DEF 71 291 295
296 #EC 65 0
297 #EA 296 246
298 #EC 67 0
299 #EA 298 246
300 #EC 71
301 #EA 299 300
#DEF 70 297 301
76 #NS 0 bit0
302 #EP #BC 21 22 16
303 #EP #BI 3 13 302
304 #EA 42 15
305 #EA 304 2
306 #EA 305 1
307 #EA 306 1
308 #EL #BD 4 2 307
309 #EL #BC 21 22 308
310 #EL #BI 3 13 309
#DEF 76 303 310 1
77 #NS 56 has_add
78 #NS 56 add
79 #NS 78 _main
80 #NS 56 brec_on
81 #NS 56 below
82 #NS 0 punit
83 #NS 82 star
311 #EC 82 1
#IND 0 82 0 1 83 311 1
84 #NS 0 v
85 #NS 0 pprod
86 #NS 0 β
5 #UP 84
312 #ES 5
6 #UM 1 5
7 #UM 3 6
313 #ES 7
314 #EP #BD 86 312 313
315 #EP #BD 3 0 314
87 #NS 85 mk
88 #NS 0 fst
89 #NS 0 snd
316 #EC 85 1 5
317 #EA 316 23
318 #EA 317 15
319 #EP #BD 89 2 318
320 #EP #BD 88 2 319
321 #EP #BI 86 312 320
322 #EP #BI 3 0 321
#IND 2 85 315 1 87 322 1 84
90 #NS 0 l
91 #NS 0 C
8 #UP 90
323 #ES 8
324 #EP #BD 59 246 323
9 #UM 3 8
325 #ES 9
326 #EP #BD 59 246 325
327 #EP #BD 91 324 326
92 #NS 56 rec
10 #US 9
328 #EC 92 10
329 #EL #BD 59 246 325
330 #EA 328 329
331 #EC 82 9
332 #EA 330 331
93 #NS 0 ih
333 #EC 85 9 9
334 #EC 85 8 9
335 #EA 23 2
336 #EA 334 335
337 #EA 336 1
338 #EA 333 337
339 #EA 338 331
340 #EL #BD 93 325 339
341 #EL #BD 59 246 340
342 #EA 332 341
343 #EA 342 1
344 #EL #BD 59 246 343
345 #EL #BD 91 324 344
#DEF 81 327 345 90
94 #NS 85 fst
346 #EA 316 2
347 #EA 346 1
348 #EP #BD 12 347 15
349 #EP #BI 86 312 348
350 #EP #BI 3 0 349
95 #NS 85 rec
351 #EC 95 1 1 5
352 #EA 351 15
353 #EA 352 2
354 #EA 316 15
355 #EA 354 2
356 #EL #BD 12 355 23
357 #EA 353 356
358 #EL #BD 89 15 2
359 #EL #BD 88 15 358
360 #EA 357 359
361 #EA 360 1
362 #EL #BD 12 347 361
363 #EL #BD 86 312 362
364 #EL #BD 3 0 363
#DEF 94 350 364 1 84
96 #NS 0 F
97 #NS 0 f
365 #EC 81 8
366 #EA 365 15
367 #EA 366 1
368 #EP #BD 97 367 335
369 #EP #BD 59 246 368
370 #EA 15 2
371 #EP #BD 96 369 370
372 #EP #BD 59 246 371
373 #EP #BI 91 324 372
374 #EC 94 8 9
375 #EA 374 370
376 #EA 366 2
377 #EA 375 376
378 #EC 92 9
379 #EA 23 1
380 #EA 334 379
381 #EA 365 23
382 #EA 381 1
383 #EA 380 382
384 #EL #BD 59 246 383
385 #EA 378 384
386 #EC 87 8 9
387 #EC 57
388 #EA 15 387
389 #EA 386 388
390 #EA 389 331
391 #EA 1 387
392 #EC 83 9
393 #EA 391 392
394 #EA 390 393
395 #EA 394 392
396 #EA 385 395
397 #EA 30 285
398 #EA 386 397
399 #EA 30 2
400 #EA 334 399
401 #EA 365 30
402 #EA 401 2
403 #EA 400 402
404 #EA 333 403
405 #EA 404 331
406 #EA 398 405
407 #EA 15 285
408 #EC 87 9 9
409 #EA 408 403
410 #EA 409 331
411 #EA 410 1
412 #EA 411 392
413 #EA 407 412
414 #EA 406 413
415 #EA 414 412
416 #EL #BD 93 383 415
417 #EL #BD 59 246 416
418 #EA 396 417
419 #EA 418 2
420 #EA 377 419
421 #EL #BD 96 369 420
422 #EL #BD 59 246 421
423 #EL #BI 91 324 422
#DEF 80 373 423 90
98 #NS 56 cases_on
99 #NS 0 e_1
424 #EA 2 387
100 #NS 0 e_2
425 #EA 284 1
426 #EA 23 425
427 #EP #BD 59 246 426
428 #EA 23 15
429 #EP #BD 100 427 428
430 #EP #BD 99 424 429
431 #EP #BD 59 246 430
432 #EP #BI 91 324 431
433 #EC 92 8
434 #EA 433 23
435 #EA 434 2
436 #EA 30 1
437 #EL #BD 93 436 370
438 #EL #BD 59 246 437
439 #EA 435 438
440 #EA 439 15
441 #EL #BD 100 427 440
442 #EL #BD 99 424 441
443 #EL #BD 59 246 442
444 #EL #BI 91 324 443
#DEF 98 432 444 90
101 #NS 0 id_rhs
445 #EP #BD 4 1 2
446 #EP #BD 3 0 445
447 #EL #BD 4 1 1
448 #EL #BD 3 0 447
#DEF 101 446 448 1
449 #EP #BD 4 246 246
450 #EP #BD 4 246 449
451 #EC 80 3
452 #EL #BD 4 246 449
453 #EA 451 452
454 #EA 453 1
102 #NS 0 _F
455 #EC 81 3
456 #EA 455 452
457 #EA 456 1
458 #EC 98 3
459 #EP #BD 102 457 246
460 #EL #BD 4 246 459
461 #EA 458 460
462 #EA 461 2
463 #EA 456 387
464 #EC 101 3
465 #EA 464 246
466 #EA 465 23
467 #EL #BD 102 463 466
468 #EA 462 467
103 #NS 0 a_1
469 #EA 456 425
470 #EC 94 3 3
471 #EA 452 2
472 #EA 470 471
11 #US 3
473 #EC 92 11
474 #EL #BD 59 246 245
475 #EA 473 474
476 #EC 82 3
477 #EA 475 476
478 #EC 85 3 3
479 #EA 478 471
480 #EA 479 1
481 #EA 478 480
482 #EA 481 476
483 #EL #BD 93 245 482
484 #EL #BD 59 246 483
485 #EA 477 484
486 #EA 485 2
487 #EA 472 486
488 #EA 479 486
489 #EA 470 488
490 #EA 489 476
491 #EA 490 1
492 #EA 487 491
493 #EA 492 30
494 #EA 284 493
495 #EA 465 494
496 #EL #BD 102 469 495
497 #EL #BD 103 246 496
498 #EA 468 497
499 #EA 498 1
500 #EL #BD 102 457 499
501 #EL #BD 4 246 500
502 #EL #BD 4 246 501
503 #EA 502 1
504 #EA 503 15
505 #EA 504 2
506 #EL #BD 4 246 505
507 #EL #BD 102 457 506
508 #EL #BD 4 246 507
509 #EA 454 508
510 #EA 509 2
511 #EL #BD 4 246 510
512 #EL #BD 4 246 511
#DEF 79 450 512
513 #EC 79
#DEF 78 450 513
514 #EC 8 0
515 #EA 514 246
516 #EC 10 0
517 #EA 516 246
518 #EC 78
519 #EA 517 518
#DEF 77 515 519
104 #NS 0 bit1
105 #NS 0 s₁
106 #NS 0 s₂
520 #EP #BC 106 19 24
521 #EP #BC 105 204 520
522 #EP #BI 3 13 521
523 #EA 42 23
524 #EA 523 2
525 #EC 76 1
526 #EA 525 23
527 #EA 526 2
528 #EA 527 1
529 #EA 524 528
530 #EC 39 1
531 #EA 530 23
532 #EA 531 15
533 #EA 529 532
534 #EL #BD 4 15 533
535 #EL #BC 106 19 534
536 #EL #BC 105 204 535
537 #EL #BI 3 13 536
#DEF 104 522 537 1
107 #NS 56 has_one
538 #EC 38 0
539 #EA 538 246
540 #EC 40 0
541 #EA 540 246
542 #EA 284 387
543 #EA 541 542
#DEF 107 539 543
108 #NS 0 and
109 #NS 108 intro
110 #NS 0 left
111 #NS 0 right
544 #EC 108
545 #EA 544 23
546 #EA 545 15
547 #EP #BD 111 2 546
548 #EP #BD 110 2 547
549 #EP #BI 18 3 548
550 #EP #BI 4 3 549
#IND 2 108 249 1 109 550
551 #EP #BD 59 246 3
552 #EC 66 0
553 #EA 552 246
554 #EC 70
555 #EA 553 554
556 #EA 555 1
557 #EC 76 0
558 #EA 557 246
559 #EC 77
560 #EA 558 559
561 #EC 104 0
562 #EA 561 246
563 #EC 107
564 #EA 562 563
565 #EA 564 559
566 #EC 39 0
567 #EA 566 246
568 #EA 567 563
569 #EA 565 568
570 #EA 560 569
571 #EA 565 570
572 #EA 565 571
573 #EA 560 572
574 #EA 560 573
575 #EA 560 574
576 #EA 560 575
577 #EA 560 576
578 #EA 560 577
579 #EA 560 578
580 #EA 560 579
581 #EA 560 580
582 #EA 560 581
583 #EA 560 582
584 #EA 556 583
585 #EA 250 584
586 #EA 565 572
587 #EA 565 586
588 #EA 565 587
589 #EA 565 588
590 #EA 565 589
591 #EA 565 590
592 #EA 565 591
593 #EA 565 592
594 #EA 565 593
595 #EA 565 594
596 #EA 565 595
597 #EA 555 596
598 #EA 597 1
599 #EA 544 598
600 #EA 560 568
601 #EA 560 600
602 #EA 560 601
603 #EA 565 602
604 #EA 560 603
605 #EA 560 604
606 #EA 560 605
607 #EA 560 606
608 #EA 560 607
609 #EA 560 608
610 #EA 560 609
611 #EA 560 610
612 #EA 560 611
613 #EA 560 612
614 #EA 560 613
615 #EA 560 614
616 #EA 560 615
617 #EA 560 616
618 #EA 560 617
619 #EA 560 618
620 #EA 556 619
621 #EA 599 620
622 #EA 585 621
623 #EL #BD 59 246 622
#DEF 60 551 623
112 #NS 0 char
113 #NS 112 mk
114 #NS 0 val
115 #NS 0 valid
624 #EC 60
625 #EA 624 1
626 #EC 112
627 #EP #BD 115 625 626
628 #EP #BD 114 246 627
#IND 0 112 245 1 113 628
116 #NS 0 string_imp
117 #NS 116 mk
118 #NS 0 data
629 #EC 50 0
630 #EA 629 626
631 #EC 116
632 #EP #BD 118 630 631
#IND 0 116 245 1 117 632
#DEF 49 245 631
119 #NS 0 unsigned
120 #NS 0 fin
633 #EP #BD 59 246 245
121 #NS 120 mk
122 #NS 0 is_lt
634 #EA 556 2
635 #EC 120
636 #EA 635 15
637 #EP #BD 122 634 636
638 #EP #BD 114 246 637
639 #EP #BI 59 246 638
#IND 1 120 633 1 121 639
123 #NS 0 unsigned_sz
640 #EA 565 569
641 #EA 565 640
642 #EA 565 641
643 #EA 565 642
644 #EA 565 643
645 #EA 565 644
646 #EA 565 645
647 #EA 565 646
648 #EA 565 647
649 #EA 565 648
650 #EA 565 649
651 #EA 565 650
652 #EA 565 651
653 #EA 565 652
654 #EA 565 653
655 #EA 565 654
656 #EA 565 655
657 #EA 565 656
658 #EA 565 657
659 #EA 565 658
660 #EA 565 659
661 #EA 565 660
662 #EA 565 661
663 #EA 565 662
664 #EA 565 663
665 #EA 565 664
666 #EA 565 665
667 #EA 565 666
668 #EA 565 667
669 #EA 565 668
670 #EA 284 669
#DEF 123 246 670
671 #EC 123
672 #EA 635 671
#DEF 119 245 672
124 #NS 0 name
125 #NS 124 anonymous
673 #EC 124
126 #NS 124 mk_string
674 #EC 49
675 #EP #BD 4 673 673
676 #EP #BD 4 674 675
127 #NS 124 mk_numeral
677 #EC 119
678 #EP #BD 4 677 675
#IND 0 124 245 3 125 673 126 676 127 678
128 #NS 0 tac_name
679 #EP #BD 128 673 0
680 #EP #BD 3 0 679
681 #EL #BD 128 673 2
682 #EL #BD 3 0 681
#DEF 48 680 682 1
129 #NS 0 iff
130 #NS 129 intro
131 #NS 0 mp
683 #EP #BD 4 2 2
132 #NS 0 mpr
684 #EP #BD 4 2 23
685 #EC 129
686 #EA 685 23
687 #EA 686 15
688 #EP #BD 132 684 687
689 #EP #BD 131 683 688
690 #EP #BI 18 3 689
691 #EP #BI 4 3 690
#IND 2 129 249 1 130 691
133 #NS 0 not
134 #NS 0 false
#IND 0 134 3 0
692 #EP #BD 4 3 3
693 #EC 134
694 #EP #BD 4 1 693
695 #EL #BD 4 3 694
#DEF 133 692 695
135 #NS 49 str
136 #NS 49 push
137 #NS 136 _main
138 #NS 116 cases_on
696 #EP #BD 59 631 323
697 #EC 117
698 #EA 697 1
699 #EA 15 698
700 #EP #BD 118 630 699
701 #EP #BD 99 700 370
702 #EP #BD 59 631 701
703 #EP #BI 91 696 702
139 #NS 116 rec
704 #EC 139 8
705 #EA 704 15
706 #EA 705 1
707 #EA 706 2
708 #EL #BD 99 700 707
709 #EL #BD 59 631 708
710 #EL #BI 91 696 709
#DEF 138 703 710 90
140 #NS 0 has_append
141 #NS 140 append
142 #NS 140 mk
143 #NS 0 append
711 #EC 140 1
712 #EA 711 2
713 #EP #BD 143 17 712
714 #EP #BI 3 13 713
#IND 1 140 14 1 142 714 1
715 #EA 711 1
716 #EP #BC 12 715 25
717 #EP #BI 3 13 716
144 #NS 140 rec
718 #EC 144 2 1
719 #EA 718 2
720 #EL #BC 12 712 32
721 #EA 719 720
722 #EL #BD 143 25 1
723 #EA 721 722
724 #EA 723 1
725 #EL #BC 12 715 724
726 #EL #BD 3 13 725
#DEF 141 717 726 1
145 #NS 50 has_append
146 #NS 50 append
147 #NS 146 _main
148 #NS 50 brec_on
149 #NS 50 below
727 #EP #BD 59 238 323
728 #EP #BD 59 240 325
729 #EP #BI 91 727 728
730 #EP #BD 51 13 729
150 #NS 50 rec
731 #EC 150 10 1
732 #EA 731 15
733 #EL #BD 59 241 325
734 #EA 732 733
735 #EA 734 331
736 #EA 237 23
737 #EA 400 1
738 #EA 333 737
739 #EA 738 331
740 #EL #BD 93 325 739
741 #EL #BD 55 736 740
742 #EL #BD 54 15 741
743 #EA 735 742
744 #EA 743 1
745 #EL #BD 59 240 744
746 #EL #BI 91 727 745
747 #EL #BD 51 13 746
#DEF 149 730 747 90 1
748 #EC 149 8 1
749 #EA 748 23
750 #EA 749 15
751 #EA 750 1
752 #EP #BD 97 751 335
753 #EP #BD 59 241 752
754 #EP #BD 96 753 370
755 #EP #BD 59 240 754
756 #EP #BI 91 727 755
757 #EP #BI 51 13 756
758 #EA 750 2
759 #EA 375 758
760 #EC 150 9 1
761 #EA 760 23
762 #EA 748 30
763 #EA 762 23
764 #EA 763 1
765 #EA 380 764
766 #EL #BD 59 736 765
767 #EA 761 766
768 #EC 52 1
769 #EA 768 23
770 #EA 15 769
771 #EA 386 770
772 #EA 771 331
773 #EA 1 769
774 #EA 773 392
775 #EA 772 774
776 #EA 775 392
777 #EA 767 776
778 #EA 237 30
779 #EA 334 436
780 #EA 748 73
781 #EA 780 30
782 #EA 781 1
783 #EA 779 782
784 #EC 53 1
785 #EV 6
786 #EA 784 785
787 #EA 786 15
788 #EA 787 2
789 #EA 73 788
790 #EA 386 789
791 #EA 73 2
792 #EA 334 791
793 #EA 748 785
794 #EA 793 73
795 #EA 794 2
796 #EA 792 795
797 #EA 333 796
798 #EA 797 331
799 #EA 790 798
800 #EA 23 788
801 #EA 408 796
802 #EA 801 331
803 #EA 802 1
804 #EA 803 392
805 #EA 800 804
806 #EA 799 805
807 #EA 806 804
808 #EL #BD 93 783 807
809 #EL #BD 55 778 808
810 #EL #BD 54 23 809
811 #EA 777 810
812 #EA 811 2
813 #EA 759 812
814 #EL #BD 96 753 813
815 #EL #BD 59 240 814
816 #EL #BI 91 727 815
817 #EL #BI 51 13 816
#DEF 148 757 817 90 1
151 #NS 50 cases_on
818 #EA 768 15
819 #EA 2 818
820 #EA 784 73
821 #EA 820 2
822 #EA 821 1
823 #EA 30 822
824 #EP #BD 55 778 823
825 #EP #BD 54 23 824
826 #EP #BD 100 825 428
827 #EP #BD 99 819 826
828 #EP #BD 59 240 827
829 #EP #BI 91 727 828
830 #EP #BI 51 13 829
831 #EC 150 8 1
832 #EA 831 30
833 #EA 832 23
834 #EA 833 2
835 #EA 237 73
836 #EA 73 1
837 #EA 428 2
838 #EL #BD 93 836 837
839 #EL #BD 55 835 838
840 #EL #BD 54 30 839
841 #EA 834 840
842 #EA 841 15
843 #EL #BD 100 825 842
844 #EL #BD 99 819 843
845 #EL #BD 59 240 844
846 #EL #BI 91 727 845
847 #EL #BI 51 13 846
#DEF 151 830 847 90 1
848 #EP #BD 4 240 241
849 #EP #BD 4 238 848
850 #EP #BI 3 13 849
851 #EC 148 2 1
852 #EA 851 15
853 #EP #BD 4 736 778
854 #EL #BD 4 241 853
855 #EA 852 854
856 #EA 855 2
857 #EC 149 2 1
858 #EA 857 23
859 #EP #BD 4 778 835
860 #EL #BD 4 736 859
861 #EA 858 860
862 #EA 861 1
863 #EA 237 785
864 #EV 7
865 #EA 857 864
866 #EA 237 864
867 #EV 8
868 #EA 237 867
869 #EV 9
870 #EA 237 869
871 #EP #BD 4 868 870
872 #EL #BD 4 866 871
873 #EA 865 872
874 #EA 873 2
12 #UM 3 2
875 #EC 151 12 1
876 #EA 875 867
877 #EA 857 869
878 #EV 10
879 #EA 237 878
880 #EV 11
881 #EA 237 880
882 #EP #BD 4 879 881
883 #EL #BD 4 870 882
884 #EA 877 883
885 #EA 884 1
886 #EP #BD 102 885 879
887 #EL #BD 4 868 886
888 #EA 876 887
889 #EA 888 15
890 #EA 857 867
891 #EP #BD 4 870 879
892 #EL #BD 4 868 891
893 #EA 890 892
894 #EA 768 867
895 #EA 893 894
896 #EC 101 2
897 #EA 896 870
898 #EA 897 15
899 #EL #BD 102 895 898
900 #EA 889 899
152 #NS 0 a_hd
153 #NS 0 a_tl
901 #EA 857 878
902 #EV 12
903 #EA 237 902
904 #EP #BD 4 881 903
905 #EL #BD 4 879 904
906 #EA 901 905
907 #EA 784 878
908 #EA 907 2
909 #EA 908 1
910 #EA 906 909
911 #EA 896 881
912 #EA 784 880
913 #EA 912 15
914 #EC 94 2 12
915 #EV 13
916 #EA 237 915
917 #EP #BD 4 903 916
918 #EL #BD 4 881 917
919 #EA 918 2
920 #EA 914 919
13 #US 12
921 #EC 150 13 1
922 #EA 921 880
923 #ES 12
924 #EL #BD 59 881 923
925 #EA 922 924
926 #EC 82 12
927 #EA 925 926
928 #EC 85 12 12
929 #EC 85 2 12
930 #EV 14
931 #EA 237 930
932 #EV 15
933 #EA 237 932
934 #EV 16
935 #EA 237 934
936 #EP #BD 4 933 935
937 #EL #BD 4 931 936
938 #EA 937 2
939 #EA 929 938
940 #EA 939 1
941 #EA 928 940
942 #EA 941 926
943 #EL #BD 93 923 942
944 #EL #BD 55 903 943
945 #EL #BD 54 880 944
946 #EA 927 945
947 #EA 946 2
948 #EA 920 947
949 #EC 94 12 12
950 #EA 929 919
951 #EA 950 947
952 #EA 949 951
953 #EA 952 926
954 #EA 953 1
955 #EA 948 954
956 #EA 955 30
957 #EA 913 956
958 #EA 911 957
959 #EL #BD 102 910 958
960 #EL #BD 153 870 959
961 #EL #BD 152 867 960
962 #EA 900 961
963 #EA 962 1
964 #EL #BD 102 874 963
965 #EL #BD 4 863 964
966 #EL #BD 4 835 965
967 #EA 966 15
968 #EA 967 1
969 #EA 968 2
970 #EL #BD 4 778 969
971 #EL #BD 102 862 970
972 #EL #BD 4 241 971
973 #EA 856 972
974 #EA 973 1
975 #EL #BD 4 240 974
976 #EL #BD 4 238 975
977 #EL #BI 3 13 976
#DEF 147 850 977 1
978 #EC 147 1
979 #EA 978 1
980 #EL #BI 3 13 979
#DEF 146 850 980 1
981 #EA 711 238
982 #EP #BI 3 13 981
983 #EC 142 1
984 #EA 983 238
985 #EC 146 1
986 #EA 985 1
987 #EA 984 986
988 #EL #BI 3 13 987
#DEF 145 982 988 1
989 #EP #BD 4 626 674
990 #EP #BD 4 674 989
991 #EC 138 3
992 #EL #BD 4 674 674
993 #EA 991 992
994 #EA 993 2
995 #EA 464 631
996 #EC 141 0
997 #EA 996 630
998 #EC 145 0
999 #EA 998 626
1000 #EA 997 999
1001 #EA 1000 1
1002 #EC 53 0
1003 #EA 1002 626
1004 #EA 1003 2
1005 #EC 52 0
1006 #EA 1005 626
1007 #EA 1004 1006
1008 #EA 1001 1007
1009 #EA 697 1008
1010 #EA 995 1009
1011 #EL #BD 103 630 1010
1012 #EA 994 1011
1013 #EL #BD 4 626 1012
1014 #EL #BD 4 674 1013
#DEF 137 990 1014
1015 #EC 137
#DEF 136 990 1015
1016 #EC 136
#DEF 135 990 1016
154 #NS 49 empty
1017 #EA 697 1006
#DEF 154 674 1017
155 #NS 112 of_nat
156 #NS 0 dite
157 #NS 0 decidable
158 #NS 0 p
1018 #EP #BD 158 3 245
159 #NS 157 is_false
1019 #EC 133
1020 #EA 1019 1
1021 #EC 157
1022 #EA 1021 2
1023 #EP #BD 63 1020 1022
1024 #EP #BI 158 3 1023
160 #NS 157 is_true
1025 #EP #BD 63 1 1022
1026 #EP #BI 158 3 1025
#IND 1 157 1018 2 159 1024 160 1026
161 #NS 157 rec_on
1027 #EA 1021 1
1028 #EP #BD 59 1027 323
1029 #EA 1019 15
1030 #EC 159
1031 #EA 1030 23
1032 #EA 1031 1
1033 #EA 15 1032
1034 #EP #BD 63 1029 1033
1035 #EC 160
1036 #EA 1035 30
1037 #EA 1036 1
1038 #EA 23 1037
1039 #EP #BD 63 23 1038
1040 #EP #BD 100 1039 428
1041 #EP #BD 99 1034 1040
1042 #EP #BD 59 1022 1041
1043 #EP #BI 91 1028 1042
1044 #EP #BI 158 3 1043
162 #NS 157 rec
1045 #EC 162 8
1046 #EA 1045 30
1047 #EA 1046 23
1048 #EA 1047 2
1049 #EA 1048 1
1050 #EA 1049 15
1051 #EL #BD 100 1039 1050
1052 #EL #BD 99 1034 1051
1053 #EL #BD 59 1022 1052
1054 #EL #BI 91 1028 1053
1055 #EL #BI 158 3 1054
#DEF 161 1044 1055 90
1056 #EP #BD 4 15 2
1057 #EA 1019 23
1058 #EP #BD 4 1057 15
1059 #EP #BD 4 1058 15
1060 #EP #BD 4 1056 1059
1061 #EP #BI 3 0 1060
1062 #EP #BC 63 1027 1061
1063 #EP #BD 12 3 1062
163 #NS 0 t
164 #NS 0 e
1064 #EC 161 1
1065 #EA 1064 30
165 #NS 0 _x
1066 #EA 1021 30
1067 #EL #BD 165 1066 23
1068 #EA 1065 1067
1069 #EA 1068 23
1070 #EA 1069 1
1071 #EA 1070 2
1072 #EL #BD 164 1058 1071
1073 #EL #BD 163 1056 1072
1074 #EL #BI 3 0 1073
1075 #EL #BC 63 1027 1074
1076 #EL #BD 12 3 1075
#DEF 156 1063 1076 1
166 #NS 61 decidable
167 #NS 0 q
168 #NS 0 _inst_1
169 #NS 0 _inst_2
1077 #EA 250 23
1078 #EA 1077 15
1079 #EA 1021 1078
1080 #EP #BC 169 1022 1079
1081 #EP #BC 168 1022 1080
1082 #EP #BI 167 3 1081
1083 #EP #BI 158 3 1082
1084 #EC 156 3
1085 #EA 1084 23
1086 #EA 1085 2
1087 #EA 1086 1079
170 #NS 0 hp
1088 #EA 250 30
1089 #EA 1088 23
1090 #EA 1035 1089
1091 #EC 62
1092 #EA 1091 30
1093 #EA 1092 23
1094 #EA 1093 1
1095 #EA 1090 1094
1096 #EL #BD 170 23 1095
1097 #EA 1087 1096
1098 #EA 1021 1089
1099 #EA 1086 1098
171 #NS 0 hq
1100 #EA 250 73
1101 #EA 1100 30
1102 #EA 1035 1101
1103 #EC 64
1104 #EA 1103 73
1105 #EA 1104 30
1106 #EA 1105 1
1107 #EA 1102 1106
1108 #EL #BD 171 23 1107
1109 #EA 1099 1108
1110 #EA 1030 1101
172 #NS 61 rec
1111 #EC 172
1112 #EA 1111 73
1113 #EA 1112 30
1114 #EA 1113 693
1115 #EA 1114 2
1116 #EA 1115 1
1117 #EA 1110 1116
1118 #EL #BD 171 1057 1117
1119 #EA 1109 1118
1120 #EL #BD 170 1057 1119
1121 #EA 1097 1120
1122 #EL #BC 169 1022 1121
1123 #EL #BC 168 1022 1122
1124 #EL #BI 167 3 1123
1125 #EL #BI 158 3 1124
#DEF 166 1083 1125
173 #NS 56 decidable_lt
174 #NS 56 decidable_le
175 #NS 56 has_le
1126 #EC 43 0
1127 #EA 1126 246
1128 #EC 45 0
1129 #EA 1128 246
1130 #EA 1129 277
#DEF 175 1127 1130
176 #NS 174 _main
177 #NS 56 has_zero
1131 #EC 22 0
1132 #EA 1131 246
1133 #EC 24 0
1134 #EA 1133 246
1135 #EA 1134 387
#DEF 177 1132 1135
178 #NS 56 zero_le
179 #NS 56 le_refl
1136 #EC 44 0
1137 #EA 1136 246
1138 #EC 175
1139 #EA 1137 1138
1140 #EA 1139 1
1141 #EA 1140 1
1142 #EP #BD 4 246 1141
1143 #EC 73
#DEF 179 1142 1143
1144 #EC 23 0
1145 #EA 1144 246
1146 #EC 177
1147 #EA 1145 1146
1148 #EA 1139 1147
1149 #EA 1148 1
1150 #EP #BD 59 246 1149
1151 #EC 80 0
1152 #EL #BD 59 246 1149
1153 #EA 1151 1152
1154 #EA 1153 1
1155 #EC 81 0
1156 #EA 1155 1152
1157 #EA 1156 1
1158 #EC 98 0
1159 #EA 1148 2
1160 #EP #BD 102 1157 1159
1161 #EL #BD 59 246 1160
1162 #EA 1158 1161
1163 #EA 1162 2
1164 #EA 1156 387
1165 #EC 101 0
1166 #EA 1148 1147
1167 #EA 1165 1166
1168 #EC 179
1169 #EA 1168 1147
1170 #EA 1167 1169
1171 #EL #BD 102 1164 1170
1172 #EA 1163 1171
1173 #EA 1156 425
1174 #EA 277 1147
1175 #EA 1174 285
1176 #EA 1165 1175
1177 #EC 74
1178 #EA 1177 1147
1179 #EA 1178 2
1180 #EC 94 0 3
1181 #EA 518 2
1182 #EA 1181 387
1183 #EA 1152 1182
1184 #EA 1180 1183
1185 #EC 85 0 3
1186 #EA 1152 2
1187 #EA 1185 1186
1188 #EA 1187 1
1189 #EA 478 1188
1190 #EA 1189 476
1191 #EL #BD 93 245 1190
1192 #EL #BD 59 246 1191
1193 #EA 477 1192
1194 #EA 1193 1182
1195 #EA 1184 1194
1196 #EA 1185 1183
1197 #EA 1196 1194
1198 #EA 470 1197
1199 #EA 1198 476
1200 #EA 1199 1
1201 #EA 1195 1200
1202 #EA 1179 1201
1203 #EA 1176 1202
1204 #EL #BD 102 1173 1203
1205 #EL #BD 59 246 1204
1206 #EA 1172 1205
1207 #EA 1206 1
1208 #EL #BD 102 1157 1207
1209 #EL #BD 59 246 1208
1210 #EA 1209 2
1211 #EA 1210 1
1212 #EL #BD 102 1157 1211
1213 #EL #BD 59 246 1212
1214 #EA 1154 1213
1215 #EL #BD 59 246 1214
#DEF 178 1150 1215
180 #NS 56 not_succ_le_zero
181 #NS 72 dcases_on
1216 #EP #BD 63 282 3
1217 #EP #BD 4 246 1216
1218 #EA 283 1
1219 #EA 15 23
1220 #EA 1143 23
1221 #EA 1219 1220
1222 #EA 277 73
1223 #EA 1222 1
1224 #EA 73 285
1225 #EA 1177 785
1226 #EA 1225 2
1227 #EA 1226 1
1228 #EA 1224 1227
1229 #EP #BD 4 1223 1228
1230 #EP #BI 18 246 1229
1231 #EA 30 23
1232 #EA 1231 15
1233 #EP #BD 100 1230 1232
1234 #EP #BD 99 1221 1233
1235 #EP #BD 59 1218 1234
1236 #EP #BI 4 246 1235
1237 #EP #BI 91 1217 1236
1238 #EP #BI 4 246 1237
182 #NS 72 rec
1239 #EC 182
1240 #EA 1239 73
1241 #EA 277 785
1242 #EA 1241 1
1243 #EA 785 2
1244 #EA 1243 1
1245 #EP #BD 63 1242 1244
1246 #EL #BD 4 246 1245
1247 #EA 1240 1246
183 #NS 0 _
1248 #EA 1222 73
1249 #EL #BD 183 1248 15
1250 #EA 1247 1249
184 #NS 0 _h
1251 #EA 277 864
1252 #EA 1251 2
1253 #EA 864 15
1254 #EA 1253 1
1255 #EP #BD 184 1252 1254
1256 #EA 277 867
1257 #EA 284 15
1258 #EA 1256 1257
1259 #EL #BD 183 1258 1232
1260 #EL #BD 93 1255 1259
1261 #EL #BD 4 1242 1260
1262 #EL #BI 18 246 1261
1263 #EA 1250 1262
1264 #EA 1263 23
1265 #EA 1264 15
1266 #EA 1265 15
1267 #EL #BD 100 1230 1266
1268 #EL #BD 99 1221 1267
1269 #EL #BD 59 1218 1268
1270 #EL #BI 4 246 1269
1271 #EL #BI 91 1217 1270
1272 #EL #BI 4 246 1271
#DEF 181 1238 1272
185 #NS 0 heq
1273 #EP #BD 4 1 3
1274 #EP #BI 86 0 1273
1275 #EP #BD 4 1 1274
1276 #EP #BI 3 0 1275
186 #NS 185 refl
1277 #EC 185 1
1278 #EA 1277 2
1279 #EA 1278 1
1280 #EA 1279 2
1281 #EA 1280 1
1282 #EP #BD 4 1 1281
1283 #EP #BI 3 0 1282
#IND 2 185 1276 1 186 1283 1
187 #NS 56 no_confusion
188 #NS 56 no_confusion_type
189 #NS 0 P
190 #NS 0 v1
191 #NS 0 v2
1284 #EP #BD 191 246 323
1285 #EP #BD 190 246 1284
1286 #EP #BD 189 323 1285
14 #US 8
1287 #EC 98 14
1288 #EL #BD 190 246 323
1289 #EA 1287 1288
1290 #EA 1289 2
1291 #EA 1289 1
1292 #EA 1291 24
1293 #EL #BD 59 246 23
1294 #EA 1292 1293
1295 #EA 1290 1294
1296 #EA 1290 23
192 #NS 0 n_eq
1297 #EC 2 3
1298 #EA 1297 246
1299 #EA 1298 2
1300 #EA 1299 1
1301 #EP #BD 192 1300 73
1302 #EP #BD 4 1301 73
1303 #EL #BD 59 246 1302
1304 #EA 1296 1303
1305 #EL #BD 59 246 1304
1306 #EA 1295 1305
1307 #EL #BD 191 246 1306
1308 #EL #BD 190 246 1307
1309 #EL #BD 189 323 1308
#DEF 188 1286 1309 90
193 #NS 0 h12
1310 #EC 188 8
1311 #EA 1310 23
1312 #EA 1311 15
1313 #EA 1312 2
1314 #EP #BD 193 1300 1313
1315 #EP #BI 191 246 1314
1316 #EP #BI 190 246 1315
1317 #EP #BI 189 323 1316
194 #NS 2 rec
1318 #EC 194 8 3
1319 #EA 1318 246
1320 #EA 1319 15
195 #NS 0 h1a
1321 #EA 1298 23
1322 #EA 1321 1
1323 #EA 1310 73
1324 #EA 1323 30
1325 #EA 1324 2
1326 #EP #BD 195 1322 1325
1327 #EL #BD 4 246 1326
1328 #EA 1320 1327
196 #NS 0 h11
1329 #EA 1298 15
1330 #EA 1329 15
1331 #EC 98 8
1332 #EA 1323 1
1333 #EA 1332 1
1334 #EL #BI 190 246 1333
1335 #EA 1331 1334
1336 #EA 1335 23
1337 #EL #BD 4 30 1
1338 #EA 1336 1337
1339 #EA 1298 1
1340 #EA 1339 1
1341 #EP #BD 192 1340 785
1342 #EC 5 3
1343 #EA 1342 246
1344 #EA 1343 2
1345 #EA 1 1344
1346 #EL #BD 4 1341 1345
1347 #EL #BD 59 246 1346
1348 #EA 1338 1347
1349 #EL #BD 196 1330 1348
1350 #EA 1328 1349
1351 #EA 1350 2
1352 #EA 1351 1
1353 #EA 1352 1
1354 #EL #BD 193 1300 1353
1355 #EL #BI 191 246 1354
1356 #EL #BI 190 246 1355
1357 #EL #BI 189 323 1356
#DEF 187 1317 1357 90
1358 #EA 1139 425
1359 #EA 1358 1147
1360 #EP #BD 4 1359 693
1361 #EP #BD 59 246 1360
1362 #EC 181
1363 #EA 1362 285
197 #NS 0 t_1
1364 #EA 277 1257
1365 #EA 1364 1
198 #NS 0 H_1
1366 #EA 1298 1147
1367 #EA 1366 2
199 #NS 0 H_2
1368 #EC 185 0
1369 #EA 284 30
1370 #EA 1139 1369
1371 #EA 1370 1147
1372 #EA 1368 1371
1373 #EA 1372 23
1374 #EA 277 1369
1375 #EA 1374 15
1376 #EA 1373 1375
1377 #EA 1376 2
1378 #EP #BD 199 1377 693
1379 #EP #BD 198 1367 1378
1380 #EL #BD 4 1365 1379
1381 #EL #BD 197 246 1380
1382 #EA 1363 1381
1383 #EA 1382 1147
1384 #EA 1383 1
1385 #EA 1298 387
1386 #EA 1385 285
1387 #EC 187 0
1388 #EA 1139 1257
1389 #EA 1388 1147
1390 #EA 1368 1389
1391 #EA 1390 2
1392 #EA 1364 1257
1393 #EA 1391 1392
1394 #EA 1143 1257
1395 #EA 1393 1394
1396 #EP #BD 199 1395 693
1397 #EA 1387 1396
1398 #EA 1397 387
1399 #EA 1398 1257
1400 #EA 1399 1
1401 #EL #BD 4 1386 1400
1402 #EA 1384 1401
200 #NS 0 a_b
201 #NS 0 a_a
1403 #EA 1374 1257
1404 #EA 1373 1403
1405 #EA 1177 1369
1406 #EA 1405 15
1407 #EA 1406 2
1408 #EA 1404 1407
1409 #EP #BD 199 1408 693
1410 #EA 1387 1409
1411 #EA 1410 387
1412 #EA 1411 1257
1413 #EA 1412 1
1414 #EL #BD 4 1386 1413
1415 #EL #BD 201 1365 1414
1416 #EL #BI 200 246 1415
1417 #EA 1402 1416
1418 #EA 1343 1147
1419 #EA 1417 1418
1420 #EC 186 0
1421 #EA 1139 285
1422 #EA 1421 1147
1423 #EA 1420 1422
1424 #EA 1423 1
1425 #EA 1419 1424
1426 #EL #BD 4 1359 1425
1427 #EL #BD 59 246 1426
#DEF 180 1361 1427
202 #NS 174 _match_1
203 #NS 157 cases_on
1428 #EA 1019 30
1429 #EA 15 1
1430 #EL #BD 63 1428 1429
1431 #EA 1047 1430
1432 #EA 2 1
1433 #EL #BD 63 30 1432
1434 #EA 1431 1433
1435 #EA 1434 15
1436 #EL #BD 100 1039 1435
1437 #EL #BD 99 1034 1436
1438 #EL #BD 59 1022 1437
1439 #EL #BI 91 1028 1438
1440 #EL #BI 158 3 1439
#DEF 203 1044 1440 90
204 #NS 56 le_of_succ_le_succ
205 #NS 56 pred_le_pred
206 #NS 56 pred
207 #NS 206 _main
1441 #EL #BD 4 246 246
1442 #EA 458 1441
1443 #EA 1442 1
1444 #EA 465 1147
1445 #EA 1443 1444
1446 #EA 465 1
1447 #EL #BD 4 246 1446
1448 #EA 1445 1447
1449 #EL #BD 4 246 1448
#DEF 207 449 1449
1450 #EC 207
#DEF 206 449 1450
208 #NS 72 rec_on
1451 #EA 785 1257
1452 #EP #BD 93 791 1451
1453 #EP #BD 4 1223 1452
1454 #EP #BI 18 246 1453
1455 #EP #BD 100 1454 1231
1456 #EP #BD 99 1219 1455
1457 #EP #BD 59 1218 1456
1458 #EP #BI 4 246 1457
1459 #EP #BI 91 275 1458
1460 #EP #BI 4 246 1459
1461 #EA 1240 30
1462 #EA 1461 2
1463 #EA 1462 1
1464 #EA 1463 23
1465 #EA 1464 15
1466 #EL #BD 100 1454 1465
1467 #EL #BD 99 1219 1466
1468 #EL #BD 59 1218 1467
1469 #EL #BI 4 246 1468
1470 #EL #BI 91 275 1469
1471 #EL #BI 4 246 1470
#DEF 208 1460 1471
1472 #EA 1139 2
1473 #EA 1472 1
1474 #EC 206
1475 #EA 1474 15
1476 #EA 1139 1475
1477 #EA 1474 2
1478 #EA 1476 1477
1479 #EP #BD 4 1473 1478
1480 #EP #BI 75 246 1479
1481 #EP #BI 59 246 1480
1482 #EC 208
1483 #EA 1482 15
1484 #EA 1474 23
1485 #EA 1139 1484
1486 #EA 1474 1
1487 #EA 1485 1486
1488 #EL #BD 165 246 1487
1489 #EA 1483 1488
1490 #EA 1489 2
1491 #EA 1490 1
1492 #EA 1168 1475
1493 #EA 1491 1492
1494 #EC 92 0
1495 #EA 277 30
1496 #EA 1495 1
1497 #EA 1474 73
1498 #EA 1139 1497
1499 #EA 1498 1477
1500 #EA 1474 785
1501 #EA 1139 1500
1502 #EA 1474 1257
1503 #EA 1501 1502
1504 #EP #BD 93 1499 1503
1505 #EP #BD 4 1496 1504
1506 #EL #BD 165 246 1505
1507 #EA 1494 1506
1508 #EA 277 23
1509 #EA 1508 387
1510 #EA 1474 30
1511 #EA 1139 1510
1512 #EA 1474 387
1513 #EA 1511 1512
1514 #EL #BD 18 1513 1
1515 #EL #BD 4 1509 1514
1516 #EA 1507 1515
1517 #EA 1222 285
1518 #EA 1177 1500
1519 #EA 1518 1502
1520 #EL #BD 12 1517 1519
1521 #EL #BD 18 1505 1520
1522 #EL #BD 4 246 1521
1523 #EA 1516 1522
1524 #EA 1523 1
1525 #EL #BD 59 246 1524
1526 #EA 1493 1525
1527 #EL #BD 63 1473 1526
1528 #EL #BI 75 246 1527
1529 #EL #BI 59 246 1528
#DEF 205 1481 1529
1530 #EA 1421 425
1531 #EA 1139 15
1532 #EA 1531 2
1533 #EP #BD 4 1530 1532
1534 #EP #BI 75 246 1533
1535 #EP #BI 59 246 1534
1536 #EC 205
1537 #EA 1536 285
1538 #EA 1537 425
1539 #EL #BI 75 246 1538
1540 #EL #BI 59 246 1539
#DEF 204 1535 1540
209 #NS 56 succ_le_succ
1541 #EA 1388 285
1542 #EP #BD 4 1473 1541
1543 #EP #BI 75 246 1542
1544 #EP #BI 59 246 1543
1545 #EA 1239 15
1546 #EA 284 23
1547 #EA 1139 1546
1548 #EA 1547 425
1549 #EL #BD 165 246 1548
1550 #EA 1545 1549
1551 #EA 1168 1257
1552 #EA 1550 1551
1553 #EA 1508 1
1554 #EA 1405 285
1555 #EL #BD 18 1553 1554
1556 #EL #BD 4 246 1555
1557 #EA 1552 1556
1558 #EA 1557 2
1559 #EA 1558 1
1560 #EL #BD 63 1473 1559
1561 #EL #BI 75 246 1560
1562 #EL #BI 59 246 1561
#DEF 209 1544 1562